<?xml version="1.0" encoding="UTF-8"?>
<!-- Generated by org.testng.reporters.JUnitXMLReporter -->
<testsuite ignored="1" hostname="Mahima-Dell" failures="0" tests="4" name="Default test" time="0.054" errors="0" timestamp="2022-09-03T20:54:37 PDT">
  <testcase classname="test.LoanTest" name="BusinessLoan" time="0.005"/>
  <testcase classname="test.LoanTest" name="PersonalLoan1" time="0.001"/>
  <testcase classname="test.LoanTest" name="HomeLoanTest" time="0.001"/>
  <testcase classname="test.LoanTest" name="PersonalLoan" time="0.002"/>
  <testcase classname="test.LoanTest" name="CarLoan" time="0.0">
    <ignored/>
  </testcase> <!-- CarLoan -->
</testsuite> <!-- Default test -->
