<?xml version="1.0" encoding="UTF-8"?>
<!-- Generated by org.testng.reporters.JUnitXMLReporter -->
<testsuite ignored="4" hostname="Mahima-Dell" failures="0" tests="4" name="Test" time="0.055" errors="0" timestamp="2022-09-03T00:29:22 PDT">
  <testcase classname="test.LoanTest" name="CarLoan" time="0.009"/>
  <testcase classname="test.LoanTest" name="PersonalLoan" time="0.002"/>
  <testcase classname="test.LoanTest" name="PersonalLoan1" time="0.0"/>
  <testcase classname="test.CardTest" name="CreditCardTest" time="0.001"/>
  <testcase classname="test.CardTest" name="DebitCardTest" time="0.0">
    <ignored/>
  </testcase> <!-- DebitCardTest -->
  <testcase classname="test.BaseClass" name="@AfterTest method4" time="0.0">
    <ignored/>
  </testcase> <!-- @AfterTest method4 -->
  <testcase classname="test.BaseClass" name="@BeforeTest method3" time="0.0">
    <ignored/>
  </testcase> <!-- @BeforeTest method3 -->
  <testcase classname="test.LoanTest" name="HomeLoanTest" time="0.0">
    <ignored/>
  </testcase> <!-- HomeLoanTest -->
</testsuite> <!-- Test -->
