<?xml version="1.0" encoding="UTF-8"?>
<testng-results ignored="4" total="8" passed="4" failed="0" skipped="0">
  <reporter-output>
  </reporter-output>
  <suite started-at="2022-09-03T00:29:22 PDT" name="Suite" finished-at="2022-09-03T00:29:22 PDT" duration-ms="55">
    <groups>
      <group name="regression">
        <method signature="LoanTest.CarLoan()[pri:0, instance:test.LoanTest@6e0dec4a]" name="CarLoan" class="test.LoanTest"/>
        <method signature="LoanTest.PersonalLoan()[pri:0, instance:test.LoanTest@6e0dec4a]" name="PersonalLoan" class="test.LoanTest"/>
        <method signature="LoanTest.PersonalLoan1()[pri:0, instance:test.LoanTest@6e0dec4a]" name="PersonalLoan1" class="test.LoanTest"/>
      </group> <!-- regression -->
      <group name="sanity">
        <method signature="CardTest.CreditCardTest()[pri:0, instance:test.CardTest@7c0c77c7]" name="CreditCardTest" class="test.CardTest"/>
      </group> <!-- sanity -->
    </groups>
    <test started-at="2022-09-03T00:29:22 PDT" name="Test" finished-at="2022-09-03T00:29:22 PDT" duration-ms="55">
      <class name="test.LoanTest">
        <test-method is-config="true" signature="method3()[pri:0, instance:test.LoanTest@6e0dec4a]" started-at="2022-09-03T00:29:22 PDT" name="method3" finished-at="2022-09-03T00:29:22 PDT" duration-ms="6" status="PASS">
          <reporter-output>
          </reporter-output>
        </test-method> <!-- method3 -->
        <test-method is-config="true" signature="method1()[pri:0, instance:test.LoanTest@6e0dec4a]" started-at="2022-09-03T00:29:22 PDT" name="method1" finished-at="2022-09-03T00:29:22 PDT" duration-ms="0" status="PASS">
          <reporter-output>
          </reporter-output>
        </test-method> <!-- method1 -->
        <test-method signature="CarLoan()[pri:0, instance:test.LoanTest@6e0dec4a]" started-at="2022-09-03T00:29:22 PDT" name="CarLoan" finished-at="2022-09-03T00:29:22 PDT" duration-ms="9" status="PASS">
          <reporter-output>
          </reporter-output>
        </test-method> <!-- CarLoan -->
        <test-method is-config="true" signature="method2()[pri:0, instance:test.LoanTest@6e0dec4a]" started-at="2022-09-03T00:29:22 PDT" name="method2" finished-at="2022-09-03T00:29:22 PDT" duration-ms="0" status="PASS">
          <reporter-output>
          </reporter-output>
        </test-method> <!-- method2 -->
        <test-method signature="PersonalLoan()[pri:0, instance:test.LoanTest@6e0dec4a]" started-at="2022-09-03T00:29:22 PDT" name="PersonalLoan" finished-at="2022-09-03T00:29:22 PDT" duration-ms="2" status="PASS">
          <reporter-output>
          </reporter-output>
        </test-method> <!-- PersonalLoan -->
        <test-method is-config="true" signature="method1()[pri:0, instance:test.LoanTest@6e0dec4a]" started-at="2022-09-03T00:29:22 PDT" name="method1" finished-at="2022-09-03T00:29:22 PDT" duration-ms="0" status="PASS">
          <reporter-output>
          </reporter-output>
        </test-method> <!-- method1 -->
        <test-method is-config="true" signature="method2()[pri:0, instance:test.LoanTest@6e0dec4a]" started-at="2022-09-03T00:29:22 PDT" name="method2" finished-at="2022-09-03T00:29:22 PDT" duration-ms="0" status="PASS">
          <reporter-output>
          </reporter-output>
        </test-method> <!-- method2 -->
        <test-method is-config="true" signature="method1()[pri:0, instance:test.LoanTest@6e0dec4a]" started-at="2022-09-03T00:29:22 PDT" name="method1" finished-at="2022-09-03T00:29:22 PDT" duration-ms="1" status="PASS">
          <reporter-output>
          </reporter-output>
        </test-method> <!-- method1 -->
        <test-method signature="PersonalLoan1()[pri:0, instance:test.LoanTest@6e0dec4a]" started-at="2022-09-03T00:29:22 PDT" name="PersonalLoan1" finished-at="2022-09-03T00:29:22 PDT" duration-ms="0" status="PASS">
          <reporter-output>
          </reporter-output>
        </test-method> <!-- PersonalLoan1 -->
        <test-method is-config="true" signature="method2()[pri:0, instance:test.LoanTest@6e0dec4a]" started-at="2022-09-03T00:29:22 PDT" name="method2" finished-at="2022-09-03T00:29:22 PDT" duration-ms="0" status="PASS">
          <reporter-output>
          </reporter-output>
        </test-method> <!-- method2 -->
        <test-method is-config="true" signature="method4()[pri:0, instance:test.LoanTest@6e0dec4a]" started-at="2022-09-03T00:29:22 PDT" name="method4" finished-at="2022-09-03T00:29:22 PDT" duration-ms="0" status="PASS">
          <reporter-output>
          </reporter-output>
        </test-method> <!-- method4 -->
      </class> <!-- test.LoanTest -->
      <class name="test.CardTest">
        <test-method signature="CreditCardTest()[pri:0, instance:test.CardTest@7c0c77c7]" started-at="2022-09-03T00:29:22 PDT" name="CreditCardTest" finished-at="2022-09-03T00:29:22 PDT" duration-ms="1" status="PASS">
          <reporter-output>
          </reporter-output>
        </test-method> <!-- CreditCardTest -->
        <test-method is-config="true" signature="method1()[pri:0, instance:test.CardTest@7c0c77c7]" started-at="2022-09-03T00:29:22 PDT" name="method1" finished-at="2022-09-03T00:29:22 PDT" duration-ms="0" status="PASS">
          <reporter-output>
          </reporter-output>
        </test-method> <!-- method1 -->
        <test-method is-config="true" signature="method2()[pri:0, instance:test.CardTest@7c0c77c7]" started-at="2022-09-03T00:29:22 PDT" name="method2" finished-at="2022-09-03T00:29:22 PDT" duration-ms="1" status="PASS">
          <reporter-output>
          </reporter-output>
        </test-method> <!-- method2 -->
      </class> <!-- test.CardTest -->
    </test> <!-- Test -->
  </suite> <!-- Suite -->
</testng-results>
