<?xml version="1.0" encoding="UTF-8"?>
<testng-results ignored="1" total="5" passed="4" failed="0" skipped="0">
  <reporter-output>
  </reporter-output>
  <suite started-at="2022-09-03T20:54:37 PDT" name="Default suite" finished-at="2022-09-03T20:54:37 PDT" duration-ms="54">
    <groups>
      <group name="regression">
        <method signature="LoanTest.BusinessLoan()[pri:0, instance:test.LoanTest@7f010382]" name="BusinessLoan" class="test.LoanTest"/>
        <method signature="LoanTest.HomeLoanTest()[pri:1, instance:test.LoanTest@7f010382]" name="HomeLoanTest" class="test.LoanTest"/>
        <method signature="LoanTest.PersonalLoan()[pri:3, instance:test.LoanTest@7f010382]" name="PersonalLoan" class="test.LoanTest"/>
        <method signature="LoanTest.PersonalLoan1()[pri:0, instance:test.LoanTest@7f010382]" name="PersonalLoan1" class="test.LoanTest"/>
      </group> <!-- regression -->
      <group name="sanity">
        <method signature="LoanTest.HomeLoanTest()[pri:1, instance:test.LoanTest@7f010382]" name="HomeLoanTest" class="test.LoanTest"/>
      </group> <!-- sanity -->
    </groups>
    <test started-at="2022-09-03T20:54:37 PDT" name="Default test" finished-at="2022-09-03T20:54:37 PDT" duration-ms="54">
      <class name="test.LoanTest">
        <test-method is-config="true" signature="method3()[pri:0, instance:test.LoanTest@7f010382]" started-at="2022-09-03T20:54:37 PDT" name="method3" finished-at="2022-09-03T20:54:37 PDT" duration-ms="6" status="PASS">
          <reporter-output>
          </reporter-output>
        </test-method> <!-- method3 -->
        <test-method is-config="true" signature="method1()[pri:0, instance:test.LoanTest@7f010382]" started-at="2022-09-03T20:54:37 PDT" name="method1" finished-at="2022-09-03T20:54:37 PDT" duration-ms="1" status="PASS">
          <reporter-output>
          </reporter-output>
        </test-method> <!-- method1 -->
        <test-method signature="BusinessLoan()[pri:0, instance:test.LoanTest@7f010382]" started-at="2022-09-03T20:54:37 PDT" name="BusinessLoan" finished-at="2022-09-03T20:54:37 PDT" duration-ms="5" status="PASS">
          <reporter-output>
          </reporter-output>
        </test-method> <!-- BusinessLoan -->
        <test-method is-config="true" signature="method2()[pri:0, instance:test.LoanTest@7f010382]" started-at="2022-09-03T20:54:37 PDT" name="method2" finished-at="2022-09-03T20:54:37 PDT" duration-ms="0" status="PASS">
          <reporter-output>
          </reporter-output>
        </test-method> <!-- method2 -->
        <test-method is-config="true" signature="method1()[pri:0, instance:test.LoanTest@7f010382]" started-at="2022-09-03T20:54:37 PDT" name="method1" finished-at="2022-09-03T20:54:37 PDT" duration-ms="1" status="PASS">
          <reporter-output>
          </reporter-output>
        </test-method> <!-- method1 -->
        <test-method signature="PersonalLoan1()[pri:0, instance:test.LoanTest@7f010382]" started-at="2022-09-03T20:54:37 PDT" name="PersonalLoan1" finished-at="2022-09-03T20:54:37 PDT" duration-ms="1" status="PASS">
          <reporter-output>
          </reporter-output>
        </test-method> <!-- PersonalLoan1 -->
        <test-method is-config="true" signature="method2()[pri:0, instance:test.LoanTest@7f010382]" started-at="2022-09-03T20:54:37 PDT" name="method2" finished-at="2022-09-03T20:54:37 PDT" duration-ms="0" status="PASS">
          <reporter-output>
          </reporter-output>
        </test-method> <!-- method2 -->
        <test-method signature="HomeLoanTest()[pri:1, instance:test.LoanTest@7f010382]" started-at="2022-09-03T20:54:37 PDT" name="HomeLoanTest" description="This wtest to validate home loan" finished-at="2022-09-03T20:54:37 PDT" duration-ms="1" status="PASS">
          <reporter-output>
          </reporter-output>
        </test-method> <!-- HomeLoanTest -->
        <test-method is-config="true" signature="method1()[pri:0, instance:test.LoanTest@7f010382]" started-at="2022-09-03T20:54:37 PDT" name="method1" finished-at="2022-09-03T20:54:37 PDT" duration-ms="0" status="PASS">
          <reporter-output>
          </reporter-output>
        </test-method> <!-- method1 -->
        <test-method is-config="true" signature="method2()[pri:0, instance:test.LoanTest@7f010382]" started-at="2022-09-03T20:54:37 PDT" name="method2" finished-at="2022-09-03T20:54:37 PDT" duration-ms="0" status="PASS">
          <reporter-output>
          </reporter-output>
        </test-method> <!-- method2 -->
        <test-method is-config="true" signature="method1()[pri:0, instance:test.LoanTest@7f010382]" started-at="2022-09-03T20:54:37 PDT" name="method1" finished-at="2022-09-03T20:54:37 PDT" duration-ms="0" status="PASS">
          <reporter-output>
          </reporter-output>
        </test-method> <!-- method1 -->
        <test-method signature="PersonalLoan()[pri:3, instance:test.LoanTest@7f010382]" started-at="2022-09-03T20:54:37 PDT" name="PersonalLoan" finished-at="2022-09-03T20:54:37 PDT" duration-ms="2" status="PASS">
          <reporter-output>
          </reporter-output>
        </test-method> <!-- PersonalLoan -->
        <test-method is-config="true" signature="method2()[pri:0, instance:test.LoanTest@7f010382]" started-at="2022-09-03T20:54:37 PDT" name="method2" finished-at="2022-09-03T20:54:37 PDT" duration-ms="0" status="PASS">
          <reporter-output>
          </reporter-output>
        </test-method> <!-- method2 -->
        <test-method is-config="true" signature="method4()[pri:0, instance:test.LoanTest@7f010382]" started-at="2022-09-03T20:54:37 PDT" name="method4" finished-at="2022-09-03T20:54:37 PDT" duration-ms="0" status="PASS">
          <reporter-output>
          </reporter-output>
        </test-method> <!-- method4 -->
      </class> <!-- test.LoanTest -->
    </test> <!-- Default test -->
  </suite> <!-- Default suite -->
</testng-results>
