<?xml version="1.0" encoding="UTF-8"?>
<!-- Generated by org.testng.reporters.JUnitXMLReporter -->
<testsuite ignored="5" hostname="Mahima-Dell" failures="0" tests="3" name="Test" time="0.056" errors="0" timestamp="2022-09-03T00:09:34 PDT">
  <testcase classname="test.LoanTest" name="HomeLoanTest" time="0.005"/>
  <testcase classname="test.CardTest" name="CreditCardTest" time="0.001"/>
  <testcase classname="test.CardTest" name="DebitCardTest" time="0.001"/>
  <testcase classname="test.BaseClass" name="@AfterTest method4" time="0.0">
    <ignored/>
  </testcase> <!-- @AfterTest method4 -->
  <testcase classname="test.LoanTest" name="PersonalLoan1" time="0.0">
    <ignored/>
  </testcase> <!-- PersonalLoan1 -->
  <testcase classname="test.LoanTest" name="CarLoan" time="0.0">
    <ignored/>
  </testcase> <!-- CarLoan -->
  <testcase classname="test.BaseClass" name="@BeforeTest method3" time="0.0">
    <ignored/>
  </testcase> <!-- @BeforeTest method3 -->
  <testcase classname="test.LoanTest" name="PersonalLoan" time="0.0">
    <ignored/>
  </testcase> <!-- PersonalLoan -->
</testsuite> <!-- Test -->
